UasDJI/build/outputs/logs/manifest-merger-debug-report.txt
-- Merging decision tree log ---
manifest
ADDED from UasDJI/UasDJI/AndroidManifest.xml:1:1-102:12
	xmlns:android
		ADDED from UasDJI/UasDJI/AndroidManifest.xml:1:11-69
	package
		ADDED from UasDJI/UasDJI/AndroidManifest.xml:2:5-41
	android:versionName
		ADDED from UasDJI/UasDJI/AndroidManifest.xml:4:5-30
		INJECTED from UasDJI/UasDJI/AndroidManifest.xml
		INJECTED from UasDJI/UasDJI/AndroidManifest.xml
	android:versionCode
		ADDED from UasDJI/UasDJI/AndroidManifest.xml:3:5-28
uses-sdk
ADDED from UasDJI/UasDJI/AndroidManifest.xml:6:5-74
MERGED from [UasDJI:dJISDKLIB:unspecified] AndroidManifest.xml:7:5-9:41
	android:targetSdkVersion
		ADDED from UasDJI/UasDJI/AndroidManifest.xml:6:42-71
	android:minSdkVersion
		ADDED from UasDJI/UasDJI/AndroidManifest.xml:6:15-41
uses-permission#android.permission.VIBRATE
ADDED from UasDJI/UasDJI/AndroidManifest.xml:11:5-66
	android:name
		ADDED from UasDJI/UasDJI/AndroidManifest.xml:11:22-63
uses-permission#android.permission.INTERNET
ADDED from UasDJI/UasDJI/AndroidManifest.xml:12:5-67
	android:name
		ADDED from UasDJI/UasDJI/AndroidManifest.xml:12:22-64
uses-permission#android.permission.ACCESS_WIFI_STATE
ADDED from UasDJI/UasDJI/AndroidManifest.xml:13:5-76
	android:name
		ADDED from UasDJI/UasDJI/AndroidManifest.xml:13:22-73
uses-permission#android.permission.WAKE_LOCK
ADDED from UasDJI/UasDJI/AndroidManifest.xml:14:5-68
	android:name
		ADDED from UasDJI/UasDJI/AndroidManifest.xml:14:22-65
uses-permission#android.permission.ACCESS_FINE_LOCATION
ADDED from UasDJI/UasDJI/AndroidManifest.xml:15:5-79
	android:name
		ADDED from UasDJI/UasDJI/AndroidManifest.xml:15:22-76
uses-permission#android.permission.ACCESS_NETWORK_STATE
ADDED from UasDJI/UasDJI/AndroidManifest.xml:16:5-79
	android:name
		ADDED from UasDJI/UasDJI/AndroidManifest.xml:16:22-76
uses-permission#android.permission.CHANGE_WIFI_STATE
ADDED from UasDJI/UasDJI/AndroidManifest.xml:17:5-76
	android:name
		ADDED from UasDJI/UasDJI/AndroidManifest.xml:17:22-73
uses-permission#android.permission.MOUNT_UNMOUNT_FILESYSTEMS
ADDED from UasDJI/UasDJI/AndroidManifest.xml:18:5-84
	android:name
		ADDED from UasDJI/UasDJI/AndroidManifest.xml:18:22-81
uses-permission#android.permission.WRITE_EXTERNAL_STORAGE
ADDED from UasDJI/UasDJI/AndroidManifest.xml:19:5-81
	android:name
		ADDED from UasDJI/UasDJI/AndroidManifest.xml:19:22-78
uses-permission#android.permission.READ_EXTERNAL_STORAGE
ADDED from UasDJI/UasDJI/AndroidManifest.xml:20:5-80
	android:name
		ADDED from UasDJI/UasDJI/AndroidManifest.xml:20:22-77
uses-permission#android.permission.SYSTEM_ALERT_WINDOW
ADDED from UasDJI/UasDJI/AndroidManifest.xml:21:5-78
	android:name
		ADDED from UasDJI/UasDJI/AndroidManifest.xml:21:22-75
uses-permission#android.permission.READ_PHONE_STATE
ADDED from UasDJI/UasDJI/AndroidManifest.xml:22:5-75
	android:name
		ADDED from UasDJI/UasDJI/AndroidManifest.xml:22:22-72
uses-feature#android.hardware.camera
ADDED from UasDJI/UasDJI/AndroidManifest.xml:25:5-60
	android:name
		ADDED from UasDJI/UasDJI/AndroidManifest.xml:25:19-57
uses-feature#android.hardware.camera.autofocus
ADDED from UasDJI/UasDJI/AndroidManifest.xml:26:5-70
	android:name
		ADDED from UasDJI/UasDJI/AndroidManifest.xml:26:19-67
uses-feature#android.hardware.usb.host
ADDED from UasDJI/UasDJI/AndroidManifest.xml:27:5-29:36
	android:required
		ADDED from UasDJI/UasDJI/AndroidManifest.xml:29:9-33
	android:name
		ADDED from UasDJI/UasDJI/AndroidManifest.xml:28:9-49
uses-feature#android.hardware.usb.accessory
ADDED from UasDJI/UasDJI/AndroidManifest.xml:30:5-32:35
	android:required
		ADDED from UasDJI/UasDJI/AndroidManifest.xml:32:9-32
	android:name
		ADDED from UasDJI/UasDJI/AndroidManifest.xml:31:9-54
application
ADDED from UasDJI/UasDJI/AndroidManifest.xml:37:5-100:19
	android:label
		ADDED from UasDJI/UasDJI/AndroidManifest.xml:41:9-41
	android:allowBackup
		ADDED from UasDJI/UasDJI/AndroidManifest.xml:39:9-36
	android:icon
		ADDED from UasDJI/UasDJI/AndroidManifest.xml:40:9-45
	android:theme
		ADDED from UasDJI/UasDJI/AndroidManifest.xml:42:9-40
	android:persistent
		ADDED from UasDJI/UasDJI/AndroidManifest.xml:43:9-34
	android:name
		ADDED from UasDJI/UasDJI/AndroidManifest.xml:38:9-45
meta-data#plugin-api
ADDED from UasDJI/UasDJI/AndroidManifest.xml:47:9-83
	android:name
		ADDED from UasDJI/UasDJI/AndroidManifest.xml:47:20-45
	android:value
		ADDED from UasDJI/UasDJI/AndroidManifest.xml:47:46-81
activity#com.atakmap.android.UasDJI.DJI.DJIMainActivity
ADDED from UasDJI/UasDJI/AndroidManifest.xml:51:9-62:20
	android:screenOrientation
		ADDED from UasDJI/UasDJI/AndroidManifest.xml:54:13-49
	android:configChanges
		ADDED from UasDJI/UasDJI/AndroidManifest.xml:53:13-48
	android:theme
		ADDED from UasDJI/UasDJI/AndroidManifest.xml:55:13-66
	android:name
		ADDED from UasDJI/UasDJI/AndroidManifest.xml:52:13-48
intent-filter#android.intent.action.MAIN+android.intent.category.LAUNCHER
ADDED from UasDJI/UasDJI/AndroidManifest.xml:58:13-61:29
action#android.intent.action.MAIN
ADDED from UasDJI/UasDJI/AndroidManifest.xml:59:17-69
	android:name
		ADDED from UasDJI/UasDJI/AndroidManifest.xml:59:25-66
category#android.intent.category.LAUNCHER
ADDED from UasDJI/UasDJI/AndroidManifest.xml:60:17-77
	android:name
		ADDED from UasDJI/UasDJI/AndroidManifest.xml:60:27-74
uses-library#com.android.future.usb.accessory
ADDED from UasDJI/UasDJI/AndroidManifest.xml:66:9-73
	android:name
		ADDED from UasDJI/UasDJI/AndroidManifest.xml:66:23-70
meta-data#com.dji.sdk.API_KEY
ADDED from UasDJI/UasDJI/AndroidManifest.xml:67:9-69:56
	android:name
		ADDED from UasDJI/UasDJI/AndroidManifest.xml:68:13-47
	android:value
		ADDED from UasDJI/UasDJI/AndroidManifest.xml:69:13-53
activity#dji.sdk.SDKManager.DJIAoaControllerActivity
ADDED from UasDJI/UasDJI/AndroidManifest.xml:71:9-82:20
	android:theme
		ADDED from UasDJI/UasDJI/AndroidManifest.xml:73:13-61
	android:name
		ADDED from UasDJI/UasDJI/AndroidManifest.xml:72:13-71
intent-filter#android.hardware.usb.action.USB_ACCESSORY_ATTACHED
ADDED from UasDJI/UasDJI/AndroidManifest.xml:74:13-76:29
action#android.hardware.usb.action.USB_ACCESSORY_ATTACHED
ADDED from UasDJI/UasDJI/AndroidManifest.xml:75:17-93
	android:name
		ADDED from UasDJI/UasDJI/AndroidManifest.xml:75:25-90
meta-data#android.hardware.usb.action.USB_ACCESSORY_ATTACHED
ADDED from UasDJI/UasDJI/AndroidManifest.xml:78:13-80:60
	android:resource
		ADDED from UasDJI/UasDJI/AndroidManifest.xml:80:17-57
	android:name
		ADDED from UasDJI/UasDJI/AndroidManifest.xml:79:17-82
service#dji.sdk.SDKManager.DJIGlobalService
ADDED from UasDJI/UasDJI/AndroidManifest.xml:84:9-85:19
	android:name
		ADDED from UasDJI/UasDJI/AndroidManifest.xml:84:18-68